mkdir: cannot create directory `./log/list_check/list_check': No such file or directory
touch: cannot touch `./log/list_check/list_check.txt': No such file or directory
cat: ./log/list_check/list_check.txt: No such file or directory
first list_check, need upload last file for first list_check or something wrong.
Completed 256.0 KiB/256.0 KiB (1.4 MiB/s) with 1 file(s) remainingupload failed: file-temp/tmp.dat to s3://store-gw/s3_monitor/list_check/2019080918/tmp.dat An error occurred (-11000) when calling the PutObject operation: token:TOKEN_2853e6eb-951d-4ba4-b2e9-f0ddc1eff8dc not exists!!
upload to s3_monitor/list_check/2019080918/tmp.dat failed

An error occurred (-11000) when calling the ListObjectsV2 operation: token:TOKEN_2853e6eb-951d-4ba4-b2e9-f0ddc1eff8dc not exists!!
check ls  s3_monitor/list_check/2019080918/tmp failed
Completed 256.0 KiB/256.0 KiB (1.4 MiB/s) with 1 file(s) remainingupload failed: file-temp/tmp.dat to s3://store-gw/s3_monitor/list_check/2019080919/tmp.dat An error occurred (-11000) when calling the PutObject operation: token:TOKEN_2853e6eb-951d-4ba4-b2e9-f0ddc1eff8dc not exists!!
upload to s3_monitor/list_check/2019080919/tmp.dat failed
2019-08-09 19:00:02 list_check-error upload to s3_monitor/list_check/2019080918/tmp.dat failed
2019-08-09 19:00:03 list_check-error check ls  s3_monitor/list_check/2019080918/tmp failed
2019-08-09 19:00:04 list_check-error upload to s3_monitor/list_check/2019080919/tmp.dat failed
mkdir: cannot create directory `./log/down_check': File exists
mkdir: cannot create directory `./log/list_check': File exists

An error occurred (-11000) when calling the ListObjectsV2 operation: token:TOKEN_2853e6eb-951d-4ba4-b2e9-f0ddc1eff8dc not exists!!
check ls  s3_monitor/list_check/2019080919/tmp failed
Completed 256.0 KiB/256.0 KiB (1.6 MiB/s) with 1 file(s) remainingupload failed: file-temp/tmp.dat to s3://store-gw/s3_monitor/list_check/2019080920/tmp.dat An error occurred (-11000) when calling the PutObject operation: token:TOKEN_2853e6eb-951d-4ba4-b2e9-f0ddc1eff8dc not exists!!
upload to s3_monitor/list_check/2019080920/tmp.dat failed
2019-08-09 20:00:02 list_check-error check ls  s3_monitor/list_check/2019080919/tmp failed
2019-08-09 20:00:03 list_check-error upload to s3_monitor/list_check/2019080920/tmp.dat failed
mkdir: cannot create directory `./log/down_check': File exists
mkdir: cannot create directory `./log/list_check': File exists

An error occurred (-11000) when calling the ListObjectsV2 operation: token:TOKEN_2853e6eb-951d-4ba4-b2e9-f0ddc1eff8dc not exists!!
check ls  s3_monitor/list_check/2019080920/tmp failed
Completed 256.0 KiB/256.0 KiB (1.4 MiB/s) with 1 file(s) remainingupload failed: file-temp/tmp.dat to s3://store-gw/s3_monitor/list_check/2019080921/tmp.dat An error occurred (-11000) when calling the PutObject operation: token:TOKEN_2853e6eb-951d-4ba4-b2e9-f0ddc1eff8dc not exists!!
upload to s3_monitor/list_check/2019080921/tmp.dat failed
2019-08-09 21:00:02 list_check-error check ls  s3_monitor/list_check/2019080920/tmp failed
curl: (3) [globbing] error: bad range specification after pos 84

2019-08-09 21:00:03 list_check-error upload to s3_monitor/list_check/2019080921/tmp.dat failed
curl: (3) [globbing] error: bad range specification after pos 84

mkdir: cannot create directory `./log/down_check': File exists
mkdir: cannot create directory `./log/list_check': File exists

An error occurred (-11000) when calling the ListObjectsV2 operation: token:TOKEN_2853e6eb-951d-4ba4-b2e9-f0ddc1eff8dc not exists!!
check ls  s3_monitor/list_check/2019080921/tmp failed
Completed 256.0 KiB/256.0 KiB (1.3 MiB/s) with 1 file(s) remainingupload failed: file-temp/tmp.dat to s3://store-gw/s3_monitor/list_check/2019080922/tmp.dat An error occurred (-11000) when calling the PutObject operation: token:TOKEN_2853e6eb-951d-4ba4-b2e9-f0ddc1eff8dc not exists!!
upload to s3_monitor/list_check/2019080922/tmp.dat failed
2019-08-09 22:00:02 list_check-error check ls  s3_monitor/list_check/2019080921/tmp failed
  % Total    % Received % Xferd  Average Speed   Time    Time     Time  Current
                                 Dload  Upload   Total   Spent    Left  Speed
  0     0    0     0    0     0      0      0 --:--:-- --:--:-- --:--:--     0  0     0    0     0    0     0      0      0 --:--:-- --:--:-- --:--:--     0100    75  100    75    0     0    203      0 --:--:-- --:--:-- --:--:--   202
{"msg": "success", "Action": "send_alart", "data": "success", "RetCode": 0}2019-08-09 22:00:03 list_check-error upload to s3_monitor/list_check/2019080922/tmp.dat failed
  % Total    % Received % Xferd  Average Speed   Time    Time     Time  Current
                                 Dload  Upload   Total   Spent    Left  Speed
  0     0    0     0    0     0      0      0 --:--:-- --:--:-- --:--:--     0100    75  100    75    0     0    205      0 --:--:-- --:--:-- --:--:--   205
{"msg": "success", "Action": "send_alart", "data": "success", "RetCode": 0}check ls  s3_monitor/list_check/2019080922/tmp failed
Completed 256.0 KiB/256.0 KiB (1.3 MiB/s) with 1 file(s) remainingupload failed: file-temp/tmp.dat to s3://store-gw/s3_monitor/list_check/2019080923/tmp.dat An error occurred (-11000) when calling the PutObject operation: token:TOKEN_2853e6eb-951d-4ba4-b2e9-f0ddc1eff8dc not exists!!
upload to s3_monitor/list_check/2019080923/tmp.dat failed
2019-08-09 23:00:03 list_check-error check cmd:aws s3 ls  s3://store-gw/s3_monitor/list_check/2019080922/tmp.dat  --endpoint-url http://s3-cn-sh2.ufileos.com   err_msg:
  % Total    % Received % Xferd  Average Speed   Time    Time     Time  Current
                                 Dload  Upload   Total   Spent    Left  Speed
  0     0    0     0    0     0      0      0 --:--:-- --:--:-- --:--:--     0100    75  100    75    0     0    301      0 --:--:-- --:--:-- --:--:--   301
{"msg": "success", "Action": "send_alart", "data": "success", "RetCode": 0}2019-08-09 23:00:04 list_check-error upload to s3_monitor/list_check/2019080923/tmp.dat failed
  % Total    % Received % Xferd  Average Speed   Time    Time     Time  Current
                                 Dload  Upload   Total   Spent    Left  Speed
  0     0    0     0    0     0      0      0 --:--:-- --:--:-- --:--:--     0100    75  100    75    0     0    207      0 --:--:-- --:--:-- --:--:--   207
{"msg": "success", "Action": "send_alart", "data": "success", "RetCode": 0}check ls  s3_monitor/list_check/2019080923/tmp failed
Completed 256.0 KiB/256.0 KiB (1.3 MiB/s) with 1 file(s) remainingupload failed: file-temp/tmp.dat to s3://store-gw/s3_monitor/list_check/2019081000/tmp.dat An error occurred (-11000) when calling the PutObject operation: token:TOKEN_2853e6eb-951d-4ba4-b2e9-f0ddc1eff8dc not exists!!
upload to s3_monitor/list_check/2019081000/tmp.dat failed
