2019-08-09 19:00:01 down_check-info first down_check, need upload last file for first down_check or something wrong.
2019-08-09 19:00:02 down_check-error upload to s3_monitor/down_check/2019080918/tmp.dat failed
2019-08-09 19:00:03 down_check-error check cp  s3_monitor/down_check/2019080918/tmp failed
2019-08-09 19:00:04 down_check-error upload to s3_monitor/down_check/2019080919/tmp.dat failed
2019-08-09 20:00:02 down_check-error check cp  s3_monitor/down_check/2019080919/tmp failed
2019-08-09 20:00:03 down_check-error upload to s3_monitor/down_check/2019080920/tmp.dat failed
2019-08-09 21:00:02 down_check-error check cp  s3_monitor/down_check/2019080920/tmp failed
2019-08-09 21:00:03 down_check-error upload to s3_monitor/down_check/2019080921/tmp.dat failed
2019-08-09 22:00:02 down_check-error check cp  s3_monitor/down_check/2019080921/tmp failed
2019-08-09 22:00:03 down_check-error upload to s3_monitor/down_check/2019080922/tmp.dat failed
2019-08-09 22:32:38 down_check-info first down_check, need upload last file for first down_check or something wrong.
2019-08-09 22:32:39 down_check-error upload to s3_monitor/down_check/2019080921/tmp.dat failed
2019-08-09 22:32:39 down_check-error check cmd:aws s3 cp  s3://store-gw/s3_monitor/down_check/2019080921/tmp.dat ././log/down_check/down_check/tmp_2019080921.dat --endpoint-url http://s3-cn-sh2.ufileos.com   err_msg:fatal error: An error occurred (401) when calling the HeadObject operation: Unauthorized
2019-08-09 22:32:40 down_check-error upload to s3_monitor/down_check/2019080922/tmp.dat failed
2019-08-09 23:00:02 down_check-error check cmd:aws s3 cp  s3://store-gw/s3_monitor/down_check/2019080922/tmp.dat ././log/down_check/down_check/tmp_2019080922.dat --endpoint-url http://s3-cn-sh2.ufileos.com   err_msg:fatal error: An error occurred (401) when calling the HeadObject operation: Unauthorized
2019-08-09 23:00:03 down_check-error upload to s3_monitor/down_check/2019080923/tmp.dat failed
2019-08-09 23:32:23 down_check-info first down_check, need upload last file for first down_check or something wrong.
2019-08-09 23:32:24 down_check-error upload to s3_monitor/down_check/2019080922/tmp.dat failed
2019-08-09 23:32:25 down_check-error check cmd:"aws s3 cp  s3://store-gw/s3_monitor/down_check/2019080922/tmp.dat ././log/down_check/down_check/tmp_2019080922.dat --endpoint-url http://s3-cn-sh2.ufileos.com "  err_msg:"fatal error: An error occurred (401) when calling the HeadObject operation: Unauthorized"
2019-08-09 23:32:25 down_check-error upload to s3_monitor/down_check/2019080923/tmp.dat failed
2019-08-10 00:00:02 down_check-error check cmd:"aws s3 cp  s3://store-gw/s3_monitor/down_check/2019080923/tmp.dat ././log/down_check/down_check/tmp_2019080923.dat --endpoint-url http://s3-cn-sh2.ufileos.com "  err_msg:"fatal error: An error occurred (401) when calling the HeadObject operation: Unauthorized"
2019-08-10 00:00:03 down_check-error upload to s3_monitor/down_check/2019081000/tmp.dat failed
