2019-08-09 19:00:01 list_check-info first list_check, need upload last file for first list_check or something wrong.
2019-08-09 19:00:02 list_check-error upload to s3_monitor/list_check/2019080918/tmp.dat failed
2019-08-09 19:00:03 list_check-error check ls  s3_monitor/list_check/2019080918/tmp failed
2019-08-09 19:00:04 list_check-error upload to s3_monitor/list_check/2019080919/tmp.dat failed
2019-08-09 20:00:02 list_check-error check ls  s3_monitor/list_check/2019080919/tmp failed
2019-08-09 20:00:03 list_check-error upload to s3_monitor/list_check/2019080920/tmp.dat failed
2019-08-09 21:00:02 list_check-error check ls  s3_monitor/list_check/2019080920/tmp failed
2019-08-09 21:00:03 list_check-error upload to s3_monitor/list_check/2019080921/tmp.dat failed
2019-08-09 22:00:02 list_check-error check ls  s3_monitor/list_check/2019080921/tmp failed
2019-08-09 22:00:03 list_check-error upload to s3_monitor/list_check/2019080922/tmp.dat failed
2019-08-09 22:15:15 list_check-info first list_check, need upload last file for first list_check or something wrong.
2019-08-09 22:15:16 list_check-error upload to s3_monitor/list_check/2019080921/tmp.dat failed
2019-08-09 22:15:17 list_check-error check cmd:aws s3 ls  s3://store-gw/s3_monitor/list_check/2019080921/tmp.dat  --endpoint-url http://s3-cn-sh2.ufileos.com  err_msg:
2019-08-09 22:15:18 list_check-error upload to s3_monitor/list_check/2019080922/tmp.dat failed
2019-08-09 23:00:03 list_check-error check cmd:aws s3 ls  s3://store-gw/s3_monitor/list_check/2019080922/tmp.dat  --endpoint-url http://s3-cn-sh2.ufileos.com   err_msg:
An error occurred (-11000) when calling the ListObjectsV2 operation: token:TOKEN_2853e6eb-951d-4ba4-b2e9-f0ddc1eff8dc not exists!!
2019-08-09 23:00:04 list_check-error upload to s3_monitor/list_check/2019080923/tmp.dat failed
2019-08-10 00:00:02 list_check-error check cmd:"aws s3 ls  s3://store-gw/s3_monitor/list_check/2019080923/tmp.dat  --endpoint-url http://s3-cn-sh2.ufileos.com "  err_msg:"
An error occurred (-11000) when calling the ListObjectsV2 operation: token:TOKEN_2853e6eb-951d-4ba4-b2e9-f0ddc1eff8dc not exists!!"
2019-08-10 00:00:03 list_check-error upload to s3_monitor/list_check/2019081000/tmp.dat failed
